<?xml version="1.0" encoding="UTF-8"?>
<!-- Generated by org.testng.reporters.JUnitReportReporter -->
<testsuite skipped="0" hostname="LAPTOP-FK7QL8FC" name="jenkins_demo_project.jenkins_demo_class" tests="1" failures="0" timestamp="2022-07-19T16:26:31 IST" time="0.018" errors="0">
  <testcase name="jenkinsdemo" time="0.018" classname="jenkins_demo_project.jenkins_demo_class"/>
  <system-out/>
</testsuite> <!-- jenkins_demo_project.jenkins_demo_class -->
